<?xml version="1.0" encoding="UTF-8"?>
<!-- Generated by org.testng.reporters.JUnitXMLReporter -->
<testsuite ignored="0" hostname="LAPTOP-D3DT1504" failures="1" tests="5" name="TestNG" time="7.368" errors="0" timestamp="2022-01-31T23:18:33 EST">
  <testcase classname="testlayer.TestDB" name="@BeforeMethod initsetup" time="0.004">
    <failure type="org.openqa.selenium.NoSuchSessionException" message="Session ID is null. Using WebDriver after calling quit()?
Build info: version: &amp;apos;4.1.1&amp;apos;, revision: &amp;apos;e8fcc2cecf&amp;apos;
System info: host: &amp;apos;LAPTOP-D3DT1504&amp;apos;, ip: &amp;apos;192.168.239.1&amp;apos;, os.name: &amp;apos;Windows 10&amp;apos;, os.arch: &amp;apos;amd64&amp;apos;, os.version: &amp;apos;10.0&amp;apos;, java.version: &amp;apos;17.0.1&amp;apos;
Driver info: org.openqa.selenium.firefox.FirefoxDriver
Command: [null, maximizeCurrentWindow {}]
Capabilities {acceptInsecureCerts: true, browserName: firefox, browserVersion: 96.0.3, javascriptEnabled: true, moz:accessibilityChecks: false, moz:buildID: 20220126154723, moz:debuggerAddress: localhost:54672, moz:geckodriverVersion: 0.30.0, moz:headless: false, moz:processID: 9912, moz:profile: C:\Users\vikram\AppData\Loc..., moz:shutdownTimeout: 60000, moz:useNonSpecCompliantPointerOrigin: false, moz:webdriverClick: true, pageLoadStrategy: normal, platform: WINDOWS, platformName: WINDOWS, platformVersion: 10.0, proxy: Proxy(), se:cdp: ws://localhost:54672/devtoo..., se:cdpVersion: 85, setWindowRect: true, strictFileInteractability: false, timeouts: {implicit: 0, pageLoad: 300000, script: 30000}, unhandledPromptBehavior: dismiss and notify}">
      <![CDATA[org.openqa.selenium.NoSuchSessionException: Session ID is null. Using WebDriver after calling quit()?
Build info: version: '4.1.1', revision: 'e8fcc2cecf'
System info: host: 'LAPTOP-D3DT1504', ip: '192.168.239.1', os.name: 'Windows 10', os.arch: 'amd64', os.version: '10.0', java.version: '17.0.1'
Driver info: org.openqa.selenium.firefox.FirefoxDriver
Command: [null, maximizeCurrentWindow {}]
Capabilities {acceptInsecureCerts: true, browserName: firefox, browserVersion: 96.0.3, javascriptEnabled: true, moz:accessibilityChecks: false, moz:buildID: 20220126154723, moz:debuggerAddress: localhost:54672, moz:geckodriverVersion: 0.30.0, moz:headless: false, moz:processID: 9912, moz:profile: C:\Users\vikram\AppData\Loc..., moz:shutdownTimeout: 60000, moz:useNonSpecCompliantPointerOrigin: false, moz:webdriverClick: true, pageLoadStrategy: normal, platform: WINDOWS, platformName: WINDOWS, platformVersion: 10.0, proxy: Proxy(), se:cdp: ws://localhost:54672/devtoo..., se:cdpVersion: 85, setWindowRect: true, strictFileInteractability: false, timeouts: {implicit: 0, pageLoad: 300000, script: 30000}, unhandledPromptBehavior: dismiss and notify}
at org.openqa.selenium.remote.HttpCommandExecutor.execute(HttpCommandExecutor.java:145)
at org.openqa.selenium.remote.service.DriverCommandExecutor.invokeExecute(DriverCommandExecutor.java:167)
at org.openqa.selenium.remote.service.DriverCommandExecutor.execute(DriverCommandExecutor.java:142)
at org.openqa.selenium.remote.RemoteWebDriver.execute(RemoteWebDriver.java:543)
at org.openqa.selenium.remote.RemoteWebDriver.execute(RemoteWebDriver.java:598)
at org.openqa.selenium.remote.RemoteWebDriver.execute(RemoteWebDriver.java:602)
at org.openqa.selenium.remote.RemoteWebDriver$RemoteWebDriverOptions$RemoteWindow.maximize(RemoteWebDriver.java:969)
at base.BaseDB.initiate(BaseDB.java:51)
at testlayer.TestDB.initsetup(TestDB.java:32)
at java.base/java.util.ArrayList.forEach(ArrayList.java:1511)
at java.base/java.util.concurrent.FutureTask.run(FutureTask.java:264)
at java.base/java.util.concurrent.ThreadPoolExecutor.runWorker(ThreadPoolExecutor.java:1136)
at java.base/java.util.concurrent.ThreadPoolExecutor$Worker.run(ThreadPoolExecutor.java:635)
at java.base/java.lang.Thread.run(Thread.java:833)
... Removed 22 stack frames]]>
    </failure>
  </testcase> <!-- @BeforeMethod initsetup -->
  <testcase classname="testlayer.TestDB" name="@AfterMethod close" time="-1.643689113362E9">
    <skipped/>
  </testcase> <!-- @AfterMethod close -->
  <testcase classname="testlayer.TestDB" name="@BeforeMethod initsetup" time="-1.643689113402E9">
    <skipped/>
  </testcase> <!-- @BeforeMethod initsetup -->
  <testcase classname="testlayer.TestDB" name="@AfterMethod close" time="-1.643689113406E9">
    <skipped/>
  </testcase> <!-- @AfterMethod close -->
  <testcase classname="testlayer.TestDB" name="@BeforeMethod initsetup" time="-1.643689113434E9">
    <skipped/>
  </testcase> <!-- @BeforeMethod initsetup -->
  <testcase classname="testlayer.TestDB" name="@AfterMethod close" time="-1.643689113439E9">
    <skipped/>
  </testcase> <!-- @AfterMethod close -->
  <testcase classname="testlayer.TestDB" name="Title" time="0.016">
    <failure type="java.lang.AssertionError" message="expected [Demoblaze] but found [STORE]">
      <![CDATA[java.lang.AssertionError: expected [Demoblaze] but found [STORE]
at testlayer.TestDB.Title(TestDB.java:43)
at java.base/java.util.ArrayList.forEach(ArrayList.java:1511)
at java.base/java.util.concurrent.FutureTask.run(FutureTask.java:264)
at java.base/java.util.concurrent.ThreadPoolExecutor.runWorker(ThreadPoolExecutor.java:1136)
at java.base/java.util.concurrent.ThreadPoolExecutor$Worker.run(ThreadPoolExecutor.java:635)
at java.base/java.lang.Thread.run(Thread.java:833)
... Removed 24 stack frames]]>
    </failure>
  </testcase> <!-- Title -->
  <testcase classname="testlayer.TestDB" name="login" time="0.0">
    <skipped/>
  </testcase> <!-- login -->
  <testcase classname="testlayer.TestDB" name="test" time="0.0">
    <skipped/>
  </testcase> <!-- test -->
  <testcase classname="testlayer.TestDB" name="signup" time="0.0">
    <skipped/>
  </testcase> <!-- signup -->
  <testcase classname="testlayer.TestDB" name="product" time="0.0">
    <skipped/>
  </testcase> <!-- product -->
</testsuite> <!-- TestNG -->
